<?xml version="1.0" encoding="UTF-8"?>
<robot generator="Robot 5.0.1 (Python 3.8.10 on win32)" generated="20221018 17:18:12.389" rpa="false" schemaversion="3">
<suite id="s1" name="androidTest" source="C:\Users\hong.le\IdeaProjects\RF-Mobile-Demo\src\scenario\androidTest.robot">
<test id="s1-t1" name="Android App Test On LambdaTest" line="14">
<kw name="Open App Test" library="TestSetup" type="SETUP">
<kw name="Open Application" library="AppiumLibrary">
<arg>${REMOTE_URL}</arg>
<arg>platformName=${platformName}</arg>
<arg>platformVersion=${platformVersion}</arg>
<arg>deviceName=${deviceName}</arg>
<arg>visual=${visual}</arg>
<arg>network=${network}</arg>
<arg>isRealMobile=${isRealMobile}</arg>
<arg>app=${app}</arg>
<arg>name=Native App Test</arg>
<arg>build=Appium Python Robot</arg>
<doc>Opens a new application to given Appium server.
Capabilities of appium server, Android and iOS,
Please check https://github.com/appium/appium/blob/master/docs/en/writing-running-appium/server-args.md
| *Option*            | *Man.* | *Description*     |
| remote_url          | Yes    | Appium server url |
| alias               | no     | alias             |</doc>
<status status="PASS" starttime="20221018 17:18:12.678" endtime="20221018 17:18:25.888"/>
</kw>
<status status="PASS" starttime="20221018 17:18:12.678" endtime="20221018 17:18:25.888"/>
</kw>
<kw name="Click Element" library="AppiumLibrary">
<arg>id=color</arg>
<doc>Click element identified by `locator`.</doc>
<msg timestamp="20221018 17:18:25.890" level="INFO">Clicking element 'id=color'.</msg>
<status status="PASS" starttime="20221018 17:18:25.889" endtime="20221018 17:18:27.751"/>
</kw>
<kw name="Click Element" library="AppiumLibrary">
<arg>id=Text</arg>
<doc>Click element identified by `locator`.</doc>
<msg timestamp="20221018 17:18:27.753" level="INFO">Clicking element 'id=Text'.</msg>
<status status="PASS" starttime="20221018 17:18:27.751" endtime="20221018 17:18:29.023"/>
</kw>
<kw name="Click Element" library="AppiumLibrary">
<arg>id=toast</arg>
<doc>Click element identified by `locator`.</doc>
<msg timestamp="20221018 17:18:29.025" level="INFO">Clicking element 'id=toast'.</msg>
<status status="PASS" starttime="20221018 17:18:29.023" endtime="20221018 17:18:30.291"/>
</kw>
<kw name="Click Element" library="AppiumLibrary">
<arg>id=notification</arg>
<doc>Click element identified by `locator`.</doc>
<msg timestamp="20221018 17:18:30.293" level="INFO">Clicking element 'id=notification'.</msg>
<status status="PASS" starttime="20221018 17:18:30.292" endtime="20221018 17:18:31.522"/>
</kw>
<kw name="Click Element" library="AppiumLibrary">
<arg>id=geoLocation</arg>
<doc>Click element identified by `locator`.</doc>
<msg timestamp="20221018 17:18:31.525" level="INFO">Clicking element 'id=geoLocation'.</msg>
<status status="PASS" starttime="20221018 17:18:31.523" endtime="20221018 17:18:33.717"/>
</kw>
<kw name="Sleep" library="BuiltIn">
<arg>2 seconds</arg>
<doc>Pauses the test executed for the given time.</doc>
<msg timestamp="20221018 17:18:35.726" level="INFO">Slept 2 seconds</msg>
<status status="PASS" starttime="20221018 17:18:33.718" endtime="20221018 17:18:35.726"/>
</kw>
<kw name="Click Element" library="AppiumLibrary">
<arg>id=Home</arg>
<doc>Click element identified by `locator`.</doc>
<kw name="No Operation" library="BuiltIn">
<doc>Does absolutely nothing.</doc>
<status status="PASS" starttime="20221018 17:18:36.400" endtime="20221018 17:18:36.402"/>
</kw>
<msg timestamp="20221018 17:18:35.728" level="INFO">Clicking element 'id=Home'.</msg>
<msg timestamp="20221018 17:18:36.402" level="FAIL">ValueError: Element locator 'id=Home' did not match any elements.</msg>
<status status="FAIL" starttime="20221018 17:18:35.727" endtime="20221018 17:18:36.403"/>
</kw>
<kw name="Sleep" library="BuiltIn">
<arg>2 seconds</arg>
<doc>Pauses the test executed for the given time.</doc>
<status status="NOT RUN" starttime="20221018 17:18:36.403" endtime="20221018 17:18:36.403"/>
</kw>
<kw name="Click Element" library="AppiumLibrary">
<arg>id=speedTest</arg>
<doc>Click element identified by `locator`.</doc>
<status status="NOT RUN" starttime="20221018 17:18:36.404" endtime="20221018 17:18:36.404"/>
</kw>
<kw name="Sleep" library="BuiltIn">
<arg>2 seconds</arg>
<doc>Pauses the test executed for the given time.</doc>
<status status="NOT RUN" starttime="20221018 17:18:36.404" endtime="20221018 17:18:36.404"/>
</kw>
<kw name="Click Element" library="AppiumLibrary">
<arg>id=Browser</arg>
<doc>Click element identified by `locator`.</doc>
<status status="NOT RUN" starttime="20221018 17:18:36.404" endtime="20221018 17:18:36.404"/>
</kw>
<kw name="Input Text" library="AppiumLibrary">
<arg>id=url</arg>
<arg>https://lambdatest.com</arg>
<doc>Types the given `text` into text field identified by `locator`.</doc>
<status status="NOT RUN" starttime="20221018 17:18:36.404" endtime="20221018 17:18:36.404"/>
</kw>
<kw name="Click Element" library="AppiumLibrary">
<arg>id=find</arg>
<doc>Click element identified by `locator`.</doc>
<status status="NOT RUN" starttime="20221018 17:18:36.405" endtime="20221018 17:18:36.405"/>
</kw>
<kw name="Execute Script" library="AppiumLibrary">
<arg>lamda-status=failed</arg>
<doc>Inject a snippet of JavaScript into the page for execution in the
context of the currently selected frame (Web context only).</doc>
<status status="NOT RUN" starttime="20221018 17:18:36.405" endtime="20221018 17:18:36.405"/>
</kw>
<kw name="Execute Script" library="AppiumLibrary" type="TEARDOWN">
<arg>lamda-status=failed</arg>
<doc>Inject a snippet of JavaScript into the page for execution in the
context of the currently selected frame (Web context only).</doc>
<kw name="No Operation" library="BuiltIn">
<doc>Does absolutely nothing.</doc>
<status status="PASS" starttime="20221018 17:18:37.031" endtime="20221018 17:18:37.031"/>
</kw>
<msg timestamp="20221018 17:18:37.031" level="FAIL">WebDriverException: Message: Method is not implemented
</msg>
<status status="FAIL" starttime="20221018 17:18:36.405" endtime="20221018 17:18:37.033">WebDriverException: Message: Method is not implemented
</status>
</kw>
<timeout value="50 minutes"/>
<status status="FAIL" starttime="20221018 17:18:12.677" endtime="20221018 17:18:37.033">ValueError: Element locator 'id=Home' did not match any elements.

Also teardown failed:
WebDriverException: Message: Method is not implemented
</status>
</test>
<status status="FAIL" starttime="20221018 17:18:12.390" endtime="20221018 17:18:37.034"/>
</suite>
<statistics>
<total>
<stat pass="0" fail="1" skip="0">All Tests</stat>
</total>
<tag>
</tag>
<suite>
<stat pass="0" fail="1" skip="0" id="s1" name="androidTest">androidTest</stat>
</suite>
</statistics>
<errors>
<msg timestamp="20221018 17:18:12.674" level="ERROR">Error in file 'C:\Users\hong.le\IdeaProjects\RF-Mobile-Demo\TestSetup.robot' on line 5: Importing library 'Selenium2Library' failed: ModuleNotFoundError: No module named 'Selenium2Library'
Traceback (most recent call last):
  None
PYTHONPATH:
  C:\Users\hong.le\AppData\Local\Programs\Python\Python38\Scripts\robot.exe
  c:\users\hong.le\appdata\local\programs\python\python38\python38.zip
  c:\users\hong.le\appdata\local\programs\python\python38\DLLs
  c:\users\hong.le\appdata\local\programs\python\python38\lib
  c:\users\hong.le\appdata\local\programs\python\python38
  C:\Users\hong.le\AppData\Roaming\Python\Python38\site-packages
  c:\users\hong.le\appdata\local\programs\python\python38\lib\site-packages</msg>
</errors>
</robot>
